# JRE version: OpenJDK Runtime Environment (8.0_152-b02) (build 1.8.0_152-release-1024-b02)
# Java VM: OpenJDK 64-Bit Server VM (25.152-b02 mixed mode windows-amd64 compressed oops)
Heap:
 PSYoungGen      total 176128K, used 137404K [0x00000000e0000000, 0x00000000ec500000, 0x0000000100000000)
  eden space 156672K, 87% used [0x00000000e0000000,0x00000000e862f250,0x00000000e9900000)
  from space 19456K, 0% used [0x00000000eaf00000,0x00000000eaf00000,0x00000000ec200000)
  to   space 22528K, 0% used [0x00000000e9900000,0x00000000e9900000,0x00000000eaf00000)
 ParOldGen       total 147456K, used 33967K [0x00000000a0000000, 0x00000000a9000000, 0x00000000e0000000)
  object space 147456K, 23% used [0x00000000a0000000,0x00000000a212bfa8,0x00000000a9000000)
 Metaspace       used 60064K, capacity 61994K, committed 62168K, reserved 1103872K
  class space    used 7962K, capacity 8416K, committed 8448K, reserved 1048576K
GC Heap History (10 events):
Event: 8.913 GC heap before
{Heap before GC invocations=9 (full 2):
 PSYoungGen      total 139264K, used 9721K [0x00000000e0000000, 0x00000000e9980000, 0x0000000100000000)
  eden space 129536K, 0% used [0x00000000e0000000,0x00000000e0000000,0x00000000e7e80000)
  from space 9728K, 99% used [0x00000000e7e80000,0x00000000e87fe768,0x00000000e8800000)
  to   space 12288K, 0% used [0x00000000e8d80000,0x00000000e8d80000,0x00000000e9980000)
 ParOldGen       total 63488K, used 11130K [0x00000000a0000000, 0x00000000a3e00000, 0x00000000e0000000)
  object space 63488K, 17% used [0x00000000a0000000,0x00000000a0ade900,0x00000000a3e00000)
 Metaspace       used 34670K, capacity 35230K, committed 35416K, reserved 1079296K
  class space    used 4785K, capacity 4967K, committed 4992K, reserved 1048576K
Event: 9.023 GC heap after
Heap after GC invocations=9 (full 2):
 PSYoungGen      total 139264K, used 0K [0x00000000e0000000, 0x00000000e9980000, 0x0000000100000000)
  eden space 129536K, 0% used [0x00000000e0000000,0x00000000e0000000,0x00000000e7e80000)
  from space 9728K, 0% used [0x00000000e7e80000,0x00000000e7e80000,0x00000000e8800000)
  to   space 12288K, 0% used [0x00000000e8d80000,0x00000000e8d80000,0x00000000e9980000)
 ParOldGen       total 101888K, used 19103K [0x00000000a0000000, 0x00000000a6380000, 0x00000000e0000000)
  object space 101888K, 18% used [0x00000000a0000000,0x00000000a12a7ca0,0x00000000a6380000)
 Metaspace       used 34670K, capacity 35230K, committed 35416K, reserved 1079296K
  class space    used 4785K, capacity 4967K, committed 4992K, reserved 1048576K
}
Event: 11.024 GC heap before
{Heap before GC invocations=10 (full 2):
 PSYoungGen      total 139264K, used 129536K [0x00000000e0000000, 0x00000000e9980000, 0x0000000100000000)
  eden space 129536K, 100% used [0x00000000e0000000,0x00000000e7e80000,0x00000000e7e80000)
  from space 9728K, 0% used [0x00000000e7e80000,0x00000000e7e80000,0x00000000e8800000)
  to   space 12288K, 0% used [0x00000000e8d80000,0x00000000e8d80000,0x00000000e9980000)
 ParOldGen       total 101888K, used 19103K [0x00000000a0000000, 0x00000000a6380000, 0x00000000e0000000)
  object space 101888K, 18% used [0x00000000a0000000,0x00000000a12a7ca0,0x00000000a6380000)
 Metaspace       used 43066K, capacity 43914K, committed 44120K, reserved 1087488K
  class space    used 5943K, capacity 6206K, committed 6272K, reserved 1048576K
Event: 11.040 GC heap after
Heap after GC invocations=10 (full 2):
 PSYoungGen      total 142336K, used 12280K [0x00000000e0000000, 0x00000000ed300000, 0x0000000100000000)
  eden space 130048K, 0% used [0x00000000e0000000,0x00000000e0000000,0x00000000e7f00000)
  from space 12288K, 99% used [0x00000000e8d80000,0x00000000e997e200,0x00000000e9980000)
  to   space 14848K, 0% used [0x00000000e7f00000,0x00000000e7f00000,0x00000000e8d80000)
 ParOldGen       total 101888K, used 20997K [0x00000000a0000000, 0x00000000a6380000, 0x00000000e0000000)
  object space 101888K, 20% used [0x00000000a0000000,0x00000000a1481570,0x00000000a6380000)
 Metaspace       used 43066K, capacity 43914K, committed 44120K, reserved 1087488K
  class space    used 5943K, capacity 6206K, committed 6272K, reserved 1048576K
}
Event: 15.065 GC heap before
{Heap before GC invocations=11 (full 2):
 PSYoungGen      total 142336K, used 142328K [0x00000000e0000000, 0x00000000ed300000, 0x0000000100000000)
  eden space 130048K, 100% used [0x00000000e0000000,0x00000000e7f00000,0x00000000e7f00000)
  from space 12288K, 99% used [0x00000000e8d80000,0x00000000e997e200,0x00000000e9980000)
  to   space 14848K, 0% used [0x00000000e7f00000,0x00000000e7f00000,0x00000000e8d80000)
 ParOldGen       total 101888K, used 20997K [0x00000000a0000000, 0x00000000a6380000, 0x00000000e0000000)
  object space 101888K, 20% used [0x00000000a0000000,0x00000000a1481570,0x00000000a6380000)
 Metaspace       used 53656K, capacity 55312K, committed 55384K, reserved 1097728K
  class space    used 7366K, capacity 7771K, committed 7808K, reserved 1048576K
Event: 15.082 GC heap after
Heap after GC invocations=11 (full 2):
 PSYoungGen      total 144896K, used 14832K [0x00000000e0000000, 0x00000000ec200000, 0x0000000100000000)
  eden space 130048K, 0% used [0x00000000e0000000,0x00000000e0000000,0x00000000e7f00000)
  from space 14848K, 99% used [0x00000000e7f00000,0x00000000e8d7c1a8,0x00000000e8d80000)
  to   space 19456K, 0% used [0x00000000eaf00000,0x00000000eaf00000,0x00000000ec200000)
 ParOldGen       total 101888K, used 26950K [0x00000000a0000000, 0x00000000a6380000, 0x00000000e0000000)
  object space 101888K, 26% used [0x00000000a0000000,0x00000000a1a51a18,0x00000000a6380000)
 Metaspace       used 53656K, capacity 55312K, committed 55384K, reserved 1097728K
  class space    used 7366K, capacity 7771K, committed 7808K, reserved 1048576K
}
Event: 18.449 GC heap before
{Heap before GC invocations=12 (full 2):
 PSYoungGen      total 144896K, used 96265K [0x00000000e0000000, 0x00000000ec200000, 0x0000000100000000)
  eden space 130048K, 62% used [0x00000000e0000000,0x00000000e4f86358,0x00000000e7f00000)
  from space 14848K, 99% used [0x00000000e7f00000,0x00000000e8d7c1a8,0x00000000e8d80000)
  to   space 19456K, 0% used [0x00000000eaf00000,0x00000000eaf00000,0x00000000ec200000)
 ParOldGen       total 101888K, used 26950K [0x00000000a0000000, 0x00000000a6380000, 0x00000000e0000000)
  object space 101888K, 26% used [0x00000000a0000000,0x00000000a1a51a18,0x00000000a6380000)
 Metaspace       used 57293K, capacity 58944K, committed 59028K, reserved 1099776K
  class space    used 7729K, capacity 8121K, committed 8192K, reserved 1048576K
Event: 18.469 GC heap after
Heap after GC invocations=12 (full 2):
 PSYoungGen      total 176128K, used 19438K [0x00000000e0000000, 0x00000000ec500000, 0x0000000100000000)
  eden space 156672K, 0% used [0x00000000e0000000,0x00000000e0000000,0x00000000e9900000)
  from space 19456K, 99% used [0x00000000eaf00000,0x00000000ec1fba18,0x00000000ec200000)
  to   space 22528K, 0% used [0x00000000e9900000,0x00000000e9900000,0x00000000eaf00000)
 ParOldGen       total 101888K, used 28647K [0x00000000a0000000, 0x00000000a6380000, 0x00000000e0000000)
  object space 101888K, 28% used [0x00000000a0000000,0x00000000a1bf9de8,0x00000000a6380000)
 Metaspace       used 57293K, capacity 58944K, committed 59028K, reserved 1099776K
  class space    used 7729K, capacity 8121K, committed 8192K, reserved 1048576K
}
Event: 18.469 GC heap before
{Heap before GC invocations=13 (full 3):
 PSYoungGen      total 176128K, used 19438K [0x00000000e0000000, 0x00000000ec500000, 0x0000000100000000)
  eden space 156672K, 0% used [0x00000000e0000000,0x00000000e0000000,0x00000000e9900000)
  from space 19456K, 99% used [0x00000000eaf00000,0x00000000ec1fba18,0x00000000ec200000)
  to   space 22528K, 0% used [0x00000000e9900000,0x00000000e9900000,0x00000000eaf00000)
 ParOldGen       total 101888K, used 28647K [0x00000000a0000000, 0x00000000a6380000, 0x00000000e0000000)
  object space 101888K, 28% used [0x00000000a0000000,0x00000000a1bf9de8,0x00000000a6380000)
 Metaspace       used 57293K, capacity 58944K, committed 59028K, reserved 1099776K
  class space    used 7729K, capacity 8121K, committed 8192K, reserved 1048576K
Event: 18.610 GC heap after
Heap after GC invocations=13 (full 3):
 PSYoungGen      total 176128K, used 0K [0x00000000e0000000, 0x00000000ec500000, 0x0000000100000000)
  eden space 156672K, 0% used [0x00000000e0000000,0x00000000e0000000,0x00000000e9900000)
  from space 19456K, 0% used [0x00000000eaf00000,0x00000000eaf00000,0x00000000ec200000)
  to   space 22528K, 0% used [0x00000000e9900000,0x00000000e9900000,0x00000000eaf00000)
 ParOldGen       total 147456K, used 33967K [0x00000000a0000000, 0x00000000a9000000, 0x00000000e0000000)
  object space 147456K, 23% used [0x00000000a0000000,0x00000000a212bfa8,0x00000000a9000000)
 Metaspace       used 57293K, capacity 58944K, committed 59028K, reserved 1099776K
  class space    used 7729K, capacity 8121K, committed 8192K, reserved 1048576K
}

